<?xml version="1.0" encoding="UTF-8"?>
<!-- Generated by org.testng.reporters.JUnitReportReporter -->
<testsuite skipped="0" hostname="LAPTOP-M10BMUNJ" name="testPOM.CreateAccountWithTestFactory" tests="1" failures="0" timestamp="04 Dec 2018 05:59:24 GMT" time="10.779" errors="0">
  <testcase name="register" time="10.779" classname="testPOM.CreateAccountWithTestFactory"/>
</testsuite> <!-- testPOM.CreateAccountWithTestFactory -->
